<?xml version="1.0" encoding="UTF-8"?>
<testsuite xmlns:xsi="http://www.w3.org/2001/XMLSchema-instance" xsi:noNamespaceSchemaLocation="https://maven.apache.org/surefire/maven-surefire-plugin/xsd/surefire-test-report-3.0.xsd" version="3.0" name="com.blogwebapi.BlogWebApiApplicationTests" time="23.476" tests="1" errors="0" skipped="0" failures="0">
  <properties>
    <property name="java.specification.version" value="19"/>
    <property name="sun.jnu.encoding" value="UTF-8"/>
    <property name="java.class.path" value="/home/notarget/DATA/Team_Web/BlogWebApi/target/test-classes:/home/notarget/DATA/Team_Web/BlogWebApi/target/classes:/home/notarget/.m2/repository/org/springframework/boot/spring-boot-starter-data-jdbc/3.2.0/spring-boot-starter-data-jdbc-3.2.0.jar:/home/notarget/.m2/repository/org/springframework/data/spring-data-jdbc/3.2.0/spring-data-jdbc-3.2.0.jar:/home/notarget/.m2/repository/org/springframework/data/spring-data-relational/3.2.0/spring-data-relational-3.2.0.jar:/home/notarget/.m2/repository/com/github/jsqlparser/jsqlparser/4.6/jsqlparser-4.6.jar:/home/notarget/.m2/repository/org/springframework/data/spring-data-commons/3.2.0/spring-data-commons-3.2.0.jar:/home/notarget/.m2/repository/org/springframework/spring-tx/6.1.1/spring-tx-6.1.1.jar:/home/notarget/.m2/repository/org/springframework/spring-context/6.1.1/spring-context-6.1.1.jar:/home/notarget/.m2/repository/org/springframework/spring-beans/6.1.1/spring-beans-6.1.1.jar:/home/notarget/.m2/repository/org/slf4j/slf4j-api/2.0.9/slf4j-api-2.0.9.jar:/home/notarget/.m2/repository/org/springframework/boot/spring-boot-starter-data-jpa/3.2.0/spring-boot-starter-data-jpa-3.2.0.jar:/home/notarget/.m2/repository/org/springframework/boot/spring-boot-starter-aop/3.2.0/spring-boot-starter-aop-3.2.0.jar:/home/notarget/.m2/repository/org/aspectj/aspectjweaver/1.9.20.1/aspectjweaver-1.9.20.1.jar:/home/notarget/.m2/repository/org/hibernate/orm/hibernate-core/6.3.1.Final/hibernate-core-6.3.1.Final.jar:/home/notarget/.m2/repository/jakarta/persistence/jakarta.persistence-api/3.1.0/jakarta.persistence-api-3.1.0.jar:/home/notarget/.m2/repository/jakarta/transaction/jakarta.transaction-api/2.0.1/jakarta.transaction-api-2.0.1.jar:/home/notarget/.m2/repository/org/jboss/logging/jboss-logging/3.5.3.Final/jboss-logging-3.5.3.Final.jar:/home/notarget/.m2/repository/org/hibernate/common/hibernate-commons-annotations/6.0.6.Final/hibernate-commons-annotations-6.0.6.Final.jar:/home/notarget/.m2/repository/io/smallrye/jandex/3.1.2/jandex-3.1.2.jar:/home/notarget/.m2/repository/com/fasterxml/classmate/1.6.0/classmate-1.6.0.jar:/home/notarget/.m2/repository/net/bytebuddy/byte-buddy/1.14.10/byte-buddy-1.14.10.jar:/home/notarget/.m2/repository/org/glassfish/jaxb/jaxb-runtime/4.0.4/jaxb-runtime-4.0.4.jar:/home/notarget/.m2/repository/org/glassfish/jaxb/jaxb-core/4.0.4/jaxb-core-4.0.4.jar:/home/notarget/.m2/repository/org/glassfish/jaxb/txw2/4.0.4/txw2-4.0.4.jar:/home/notarget/.m2/repository/com/sun/istack/istack-commons-runtime/4.1.2/istack-commons-runtime-4.1.2.jar:/home/notarget/.m2/repository/jakarta/inject/jakarta.inject-api/2.0.1/jakarta.inject-api-2.0.1.jar:/home/notarget/.m2/repository/org/antlr/antlr4-runtime/4.10.1/antlr4-runtime-4.10.1.jar:/home/notarget/.m2/repository/org/springframework/data/spring-data-jpa/3.2.0/spring-data-jpa-3.2.0.jar:/home/notarget/.m2/repository/org/springframework/spring-orm/6.1.1/spring-orm-6.1.1.jar:/home/notarget/.m2/repository/jakarta/annotation/jakarta.annotation-api/2.1.1/jakarta.annotation-api-2.1.1.jar:/home/notarget/.m2/repository/org/springframework/spring-aspects/6.1.1/spring-aspects-6.1.1.jar:/home/notarget/.m2/repository/org/springframework/boot/spring-boot-starter-data-rest/3.2.0/spring-boot-starter-data-rest-3.2.0.jar:/home/notarget/.m2/repository/org/springframework/data/spring-data-rest-webmvc/4.2.0/spring-data-rest-webmvc-4.2.0.jar:/home/notarget/.m2/repository/org/springframework/data/spring-data-rest-core/4.2.0/spring-data-rest-core-4.2.0.jar:/home/notarget/.m2/repository/org/springframework/hateoas/spring-hateoas/2.2.0/spring-hateoas-2.2.0.jar:/home/notarget/.m2/repository/org/springframework/plugin/spring-plugin-core/3.0.0/spring-plugin-core-3.0.0.jar:/home/notarget/.m2/repository/org/atteo/evo-inflector/1.3/evo-inflector-1.3.jar:/home/notarget/.m2/repository/com/fasterxml/jackson/core/jackson-annotations/2.15.3/jackson-annotations-2.15.3.jar:/home/notarget/.m2/repository/org/springframework/boot/spring-boot-starter-jdbc/3.2.0/spring-boot-starter-jdbc-3.2.0.jar:/home/notarget/.m2/repository/org/springframework/boot/spring-boot-starter/3.2.0/spring-boot-starter-3.2.0.jar:/home/notarget/.m2/repository/org/springframework/boot/spring-boot-starter-logging/3.2.0/spring-boot-starter-logging-3.2.0.jar:/home/notarget/.m2/repository/ch/qos/logback/logback-classic/1.4.11/logback-classic-1.4.11.jar:/home/notarget/.m2/repository/ch/qos/logback/logback-core/1.4.11/logback-core-1.4.11.jar:/home/notarget/.m2/repository/org/apache/logging/log4j/log4j-to-slf4j/2.21.1/log4j-to-slf4j-2.21.1.jar:/home/notarget/.m2/repository/org/apache/logging/log4j/log4j-api/2.21.1/log4j-api-2.21.1.jar:/home/notarget/.m2/repository/org/slf4j/jul-to-slf4j/2.0.9/jul-to-slf4j-2.0.9.jar:/home/notarget/.m2/repository/org/yaml/snakeyaml/2.2/snakeyaml-2.2.jar:/home/notarget/.m2/repository/com/zaxxer/HikariCP/5.0.1/HikariCP-5.0.1.jar:/home/notarget/.m2/repository/org/springframework/spring-jdbc/6.1.1/spring-jdbc-6.1.1.jar:/home/notarget/.m2/repository/org/springframework/boot/spring-boot-starter-security/3.2.0/spring-boot-starter-security-3.2.0.jar:/home/notarget/.m2/repository/org/springframework/spring-aop/6.1.1/spring-aop-6.1.1.jar:/home/notarget/.m2/repository/org/springframework/security/spring-security-config/6.2.0/spring-security-config-6.2.0.jar:/home/notarget/.m2/repository/org/springframework/security/spring-security-web/6.2.0/spring-security-web-6.2.0.jar:/home/notarget/.m2/repository/org/springframework/spring-expression/6.1.1/spring-expression-6.1.1.jar:/home/notarget/.m2/repository/org/springframework/boot/spring-boot-starter-web/3.2.0/spring-boot-starter-web-3.2.0.jar:/home/notarget/.m2/repository/org/springframework/boot/spring-boot-starter-json/3.2.0/spring-boot-starter-json-3.2.0.jar:/home/notarget/.m2/repository/com/fasterxml/jackson/datatype/jackson-datatype-jdk8/2.15.3/jackson-datatype-jdk8-2.15.3.jar:/home/notarget/.m2/repository/com/fasterxml/jackson/datatype/jackson-datatype-jsr310/2.15.3/jackson-datatype-jsr310-2.15.3.jar:/home/notarget/.m2/repository/com/fasterxml/jackson/module/jackson-module-parameter-names/2.15.3/jackson-module-parameter-names-2.15.3.jar:/home/notarget/.m2/repository/org/springframework/boot/spring-boot-starter-tomcat/3.2.0/spring-boot-starter-tomcat-3.2.0.jar:/home/notarget/.m2/repository/org/apache/tomcat/embed/tomcat-embed-core/10.1.16/tomcat-embed-core-10.1.16.jar:/home/notarget/.m2/repository/org/apache/tomcat/embed/tomcat-embed-el/10.1.16/tomcat-embed-el-10.1.16.jar:/home/notarget/.m2/repository/org/apache/tomcat/embed/tomcat-embed-websocket/10.1.16/tomcat-embed-websocket-10.1.16.jar:/home/notarget/.m2/repository/org/springframework/spring-web/6.1.1/spring-web-6.1.1.jar:/home/notarget/.m2/repository/io/micrometer/micrometer-observation/1.12.0/micrometer-observation-1.12.0.jar:/home/notarget/.m2/repository/io/micrometer/micrometer-commons/1.12.0/micrometer-commons-1.12.0.jar:/home/notarget/.m2/repository/org/springframework/spring-webmvc/6.1.1/spring-webmvc-6.1.1.jar:/home/notarget/.m2/repository/org/springframework/boot/spring-boot-starter-web-services/3.2.0/spring-boot-starter-web-services-3.2.0.jar:/home/notarget/.m2/repository/com/sun/xml/messaging/saaj/saaj-impl/3.0.3/saaj-impl-3.0.3.jar:/home/notarget/.m2/repository/jakarta/xml/soap/jakarta.xml.soap-api/3.0.1/jakarta.xml.soap-api-3.0.1.jar:/home/notarget/.m2/repository/org/jvnet/staxex/stax-ex/2.1.0/stax-ex-2.1.0.jar:/home/notarget/.m2/repository/jakarta/activation/jakarta.activation-api/2.1.2/jakarta.activation-api-2.1.2.jar:/home/notarget/.m2/repository/org/eclipse/angus/angus-activation/2.0.1/angus-activation-2.0.1.jar:/home/notarget/.m2/repository/jakarta/xml/ws/jakarta.xml.ws-api/4.0.1/jakarta.xml.ws-api-4.0.1.jar:/home/notarget/.m2/repository/org/springframework/spring-oxm/6.1.1/spring-oxm-6.1.1.jar:/home/notarget/.m2/repository/org/springframework/ws/spring-ws-core/4.0.8/spring-ws-core-4.0.8.jar:/home/notarget/.m2/repository/org/springframework/ws/spring-xml/4.0.8/spring-xml-4.0.8.jar:/home/notarget/.m2/repository/org/springframework/boot/spring-boot-starter-webflux/3.2.0/spring-boot-starter-webflux-3.2.0.jar:/home/notarget/.m2/repository/org/springframework/boot/spring-boot-starter-reactor-netty/3.2.0/spring-boot-starter-reactor-netty-3.2.0.jar:/home/notarget/.m2/repository/io/projectreactor/netty/reactor-netty-http/1.1.13/reactor-netty-http-1.1.13.jar:/home/notarget/.m2/repository/io/netty/netty-codec-http/4.1.101.Final/netty-codec-http-4.1.101.Final.jar:/home/notarget/.m2/repository/io/netty/netty-common/4.1.101.Final/netty-common-4.1.101.Final.jar:/home/notarget/.m2/repository/io/netty/netty-buffer/4.1.101.Final/netty-buffer-4.1.101.Final.jar:/home/notarget/.m2/repository/io/netty/netty-transport/4.1.101.Final/netty-transport-4.1.101.Final.jar:/home/notarget/.m2/repository/io/netty/netty-codec/4.1.101.Final/netty-codec-4.1.101.Final.jar:/home/notarget/.m2/repository/io/netty/netty-handler/4.1.101.Final/netty-handler-4.1.101.Final.jar:/home/notarget/.m2/repository/io/netty/netty-codec-http2/4.1.101.Final/netty-codec-http2-4.1.101.Final.jar:/home/notarget/.m2/repository/io/netty/netty-resolver-dns/4.1.101.Final/netty-resolver-dns-4.1.101.Final.jar:/home/notarget/.m2/repository/io/netty/netty-resolver/4.1.101.Final/netty-resolver-4.1.101.Final.jar:/home/notarget/.m2/repository/io/netty/netty-codec-dns/4.1.101.Final/netty-codec-dns-4.1.101.Final.jar:/home/notarget/.m2/repository/io/netty/netty-resolver-dns-native-macos/4.1.101.Final/netty-resolver-dns-native-macos-4.1.101.Final-osx-x86_64.jar:/home/notarget/.m2/repository/io/netty/netty-resolver-dns-classes-macos/4.1.101.Final/netty-resolver-dns-classes-macos-4.1.101.Final.jar:/home/notarget/.m2/repository/io/netty/netty-transport-native-epoll/4.1.101.Final/netty-transport-native-epoll-4.1.101.Final-linux-x86_64.jar:/home/notarget/.m2/repository/io/netty/netty-transport-native-unix-common/4.1.101.Final/netty-transport-native-unix-common-4.1.101.Final.jar:/home/notarget/.m2/repository/io/netty/netty-transport-classes-epoll/4.1.101.Final/netty-transport-classes-epoll-4.1.101.Final.jar:/home/notarget/.m2/repository/io/projectreactor/netty/reactor-netty-core/1.1.13/reactor-netty-core-1.1.13.jar:/home/notarget/.m2/repository/io/netty/netty-handler-proxy/4.1.101.Final/netty-handler-proxy-4.1.101.Final.jar:/home/notarget/.m2/repository/io/netty/netty-codec-socks/4.1.101.Final/netty-codec-socks-4.1.101.Final.jar:/home/notarget/.m2/repository/org/springframework/spring-webflux/6.1.1/spring-webflux-6.1.1.jar:/home/notarget/.m2/repository/org/springframework/boot/spring-boot-devtools/3.2.0/spring-boot-devtools-3.2.0.jar:/home/notarget/.m2/repository/org/springframework/boot/spring-boot/3.2.0/spring-boot-3.2.0.jar:/home/notarget/.m2/repository/org/springframework/boot/spring-boot-autoconfigure/3.2.0/spring-boot-autoconfigure-3.2.0.jar:/home/notarget/.m2/repository/com/microsoft/sqlserver/mssql-jdbc/12.4.2.jre11/mssql-jdbc-12.4.2.jre11.jar:/home/notarget/.m2/repository/org/postgresql/postgresql/42.6.0/postgresql-42.6.0.jar:/home/notarget/.m2/repository/org/checkerframework/checker-qual/3.31.0/checker-qual-3.31.0.jar:/home/notarget/.m2/repository/org/projectlombok/lombok/1.18.30/lombok-1.18.30.jar:/home/notarget/.m2/repository/org/springframework/boot/spring-boot-starter-test/3.2.0/spring-boot-starter-test-3.2.0.jar:/home/notarget/.m2/repository/org/springframework/boot/spring-boot-test/3.2.0/spring-boot-test-3.2.0.jar:/home/notarget/.m2/repository/org/springframework/boot/spring-boot-test-autoconfigure/3.2.0/spring-boot-test-autoconfigure-3.2.0.jar:/home/notarget/.m2/repository/com/jayway/jsonpath/json-path/2.8.0/json-path-2.8.0.jar:/home/notarget/.m2/repository/jakarta/xml/bind/jakarta.xml.bind-api/4.0.1/jakarta.xml.bind-api-4.0.1.jar:/home/notarget/.m2/repository/net/minidev/json-smart/2.5.0/json-smart-2.5.0.jar:/home/notarget/.m2/repository/net/minidev/accessors-smart/2.5.0/accessors-smart-2.5.0.jar:/home/notarget/.m2/repository/org/ow2/asm/asm/9.3/asm-9.3.jar:/home/notarget/.m2/repository/org/assertj/assertj-core/3.24.2/assertj-core-3.24.2.jar:/home/notarget/.m2/repository/org/awaitility/awaitility/4.2.0/awaitility-4.2.0.jar:/home/notarget/.m2/repository/org/hamcrest/hamcrest/2.2/hamcrest-2.2.jar:/home/notarget/.m2/repository/org/junit/jupiter/junit-jupiter/5.10.1/junit-jupiter-5.10.1.jar:/home/notarget/.m2/repository/org/junit/jupiter/junit-jupiter-api/5.10.1/junit-jupiter-api-5.10.1.jar:/home/notarget/.m2/repository/org/opentest4j/opentest4j/1.3.0/opentest4j-1.3.0.jar:/home/notarget/.m2/repository/org/junit/platform/junit-platform-commons/1.10.1/junit-platform-commons-1.10.1.jar:/home/notarget/.m2/repository/org/apiguardian/apiguardian-api/1.1.2/apiguardian-api-1.1.2.jar:/home/notarget/.m2/repository/org/junit/jupiter/junit-jupiter-params/5.10.1/junit-jupiter-params-5.10.1.jar:/home/notarget/.m2/repository/org/junit/jupiter/junit-jupiter-engine/5.10.1/junit-jupiter-engine-5.10.1.jar:/home/notarget/.m2/repository/org/junit/platform/junit-platform-engine/1.10.1/junit-platform-engine-1.10.1.jar:/home/notarget/.m2/repository/org/mockito/mockito-core/5.7.0/mockito-core-5.7.0.jar:/home/notarget/.m2/repository/net/bytebuddy/byte-buddy-agent/1.14.10/byte-buddy-agent-1.14.10.jar:/home/notarget/.m2/repository/org/objenesis/objenesis/3.3/objenesis-3.3.jar:/home/notarget/.m2/repository/org/mockito/mockito-junit-jupiter/5.7.0/mockito-junit-jupiter-5.7.0.jar:/home/notarget/.m2/repository/org/skyscreamer/jsonassert/1.5.1/jsonassert-1.5.1.jar:/home/notarget/.m2/repository/com/vaadin/external/google/android-json/0.0.20131108.vaadin1/android-json-0.0.20131108.vaadin1.jar:/home/notarget/.m2/repository/org/springframework/spring-core/6.1.1/spring-core-6.1.1.jar:/home/notarget/.m2/repository/org/springframework/spring-jcl/6.1.1/spring-jcl-6.1.1.jar:/home/notarget/.m2/repository/org/springframework/spring-test/6.1.1/spring-test-6.1.1.jar:/home/notarget/.m2/repository/org/xmlunit/xmlunit-core/2.9.1/xmlunit-core-2.9.1.jar:/home/notarget/.m2/repository/io/projectreactor/reactor-test/3.6.0/reactor-test-3.6.0.jar:/home/notarget/.m2/repository/io/projectreactor/reactor-core/3.6.0/reactor-core-3.6.0.jar:/home/notarget/.m2/repository/org/reactivestreams/reactive-streams/1.0.4/reactive-streams-1.0.4.jar:/home/notarget/.m2/repository/org/springframework/security/spring-security-test/6.2.0/spring-security-test-6.2.0.jar:/home/notarget/.m2/repository/org/springframework/security/spring-security-core/6.2.0/spring-security-core-6.2.0.jar:/home/notarget/.m2/repository/org/springframework/security/spring-security-crypto/6.2.0/spring-security-crypto-6.2.0.jar:/home/notarget/.m2/repository/io/jsonwebtoken/jjwt-api/0.11.5/jjwt-api-0.11.5.jar:/home/notarget/.m2/repository/io/jsonwebtoken/jjwt-impl/0.11.5/jjwt-impl-0.11.5.jar:/home/notarget/.m2/repository/io/jsonwebtoken/jjwt-jackson/0.11.5/jjwt-jackson-0.11.5.jar:/home/notarget/.m2/repository/com/fasterxml/jackson/core/jackson-databind/2.15.3/jackson-databind-2.15.3.jar:/home/notarget/.m2/repository/com/fasterxml/jackson/core/jackson-core/2.15.3/jackson-core-2.15.3.jar:/home/notarget/.m2/repository/org/apache/commons/commons-lang3/3.12.0/commons-lang3-3.12.0.jar:/home/notarget/.m2/repository/com/cloudinary/cloudinary-http44/1.33.0/cloudinary-http44-1.33.0.jar:/home/notarget/.m2/repository/com/cloudinary/cloudinary-core/1.33.0/cloudinary-core-1.33.0.jar:/home/notarget/.m2/repository/org/apache/httpcomponents/httpclient/4.4/httpclient-4.4.jar:/home/notarget/.m2/repository/org/apache/httpcomponents/httpmime/4.4/httpmime-4.4.jar:/home/notarget/.m2/repository/com/cloudinary/cloudinary/1.0.14/cloudinary-1.0.14.jar:/home/notarget/.m2/repository/commons-lang/commons-lang/2.6/commons-lang-2.6.jar:/home/notarget/.m2/repository/commons-codec/commons-codec/1.16.0/commons-codec-1.16.0.jar:/home/notarget/.m2/repository/commons-collections/commons-collections/3.2.1/commons-collections-3.2.1.jar:/home/notarget/.m2/repository/commons-logging/commons-logging/1.1.1/commons-logging-1.1.1.jar:/home/notarget/.m2/repository/org/apache/httpcomponents/httpcore/4.4.16/httpcore-4.4.16.jar:/home/notarget/.m2/repository/com/googlecode/json-simple/json-simple/1.1.1/json-simple-1.1.1.jar:/home/notarget/.m2/repository/junit/junit/4.13.2/junit-4.13.2.jar:/home/notarget/.m2/repository/org/hamcrest/hamcrest-core/2.2/hamcrest-core-2.2.jar:/home/notarget/.m2/repository/org/modelmapper/modelmapper/3.1.1/modelmapper-3.1.1.jar:/home/notarget/.m2/repository/org/springdoc/springdoc-openapi-starter-webmvc-ui/2.2.0/springdoc-openapi-starter-webmvc-ui-2.2.0.jar:/home/notarget/.m2/repository/org/springdoc/springdoc-openapi-starter-webmvc-api/2.2.0/springdoc-openapi-starter-webmvc-api-2.2.0.jar:/home/notarget/.m2/repository/org/springdoc/springdoc-openapi-starter-common/2.2.0/springdoc-openapi-starter-common-2.2.0.jar:/home/notarget/.m2/repository/io/swagger/core/v3/swagger-core-jakarta/2.2.15/swagger-core-jakarta-2.2.15.jar:/home/notarget/.m2/repository/io/swagger/core/v3/swagger-annotations-jakarta/2.2.15/swagger-annotations-jakarta-2.2.15.jar:/home/notarget/.m2/repository/io/swagger/core/v3/swagger-models-jakarta/2.2.15/swagger-models-jakarta-2.2.15.jar:/home/notarget/.m2/repository/jakarta/validation/jakarta.validation-api/3.0.2/jakarta.validation-api-3.0.2.jar:/home/notarget/.m2/repository/com/fasterxml/jackson/dataformat/jackson-dataformat-yaml/2.15.3/jackson-dataformat-yaml-2.15.3.jar:/home/notarget/.m2/repository/org/webjars/swagger-ui/5.2.0/swagger-ui-5.2.0.jar:/home/notarget/.m2/repository/org/springframework/boot/spring-boot-starter-websocket/3.2.0/spring-boot-starter-websocket-3.2.0.jar:/home/notarget/.m2/repository/org/springframework/spring-messaging/6.1.1/spring-messaging-6.1.1.jar:/home/notarget/.m2/repository/org/springframework/spring-websocket/6.1.1/spring-websocket-6.1.1.jar:"/>
    <property name="java.vm.vendor" value="Private Build"/>
    <property name="sun.arch.data.model" value="64"/>
    <property name="java.vendor.url" value="Unknown"/>
    <property name="user.timezone" value="Asia/Ho_Chi_Minh"/>
    <property name="org.jboss.logging.provider" value="slf4j"/>
    <property name="os.name" value="Linux"/>
    <property name="java.vm.specification.version" value="19"/>
    <property name="sun.java.launcher" value="SUN_STANDARD"/>
    <property name="user.country" value="US"/>
    <property name="sun.boot.library.path" value="/usr/lib/jvm/java-19-openjdk-amd64/lib"/>
    <property name="sun.java.command" value="/home/notarget/DATA/Team_Web/BlogWebApi/target/surefire/surefirebooter-20240229204321081_3.jar /home/notarget/DATA/Team_Web/BlogWebApi/target/surefire 2024-02-29T20-43-19_182-jvmRun1 surefire-20240229204321081_1tmp surefire_0-20240229204321081_2tmp"/>
    <property name="jdk.debug" value="release"/>
    <property name="surefire.test.class.path" value="/home/notarget/DATA/Team_Web/BlogWebApi/target/test-classes:/home/notarget/DATA/Team_Web/BlogWebApi/target/classes:/home/notarget/.m2/repository/org/springframework/boot/spring-boot-starter-data-jdbc/3.2.0/spring-boot-starter-data-jdbc-3.2.0.jar:/home/notarget/.m2/repository/org/springframework/data/spring-data-jdbc/3.2.0/spring-data-jdbc-3.2.0.jar:/home/notarget/.m2/repository/org/springframework/data/spring-data-relational/3.2.0/spring-data-relational-3.2.0.jar:/home/notarget/.m2/repository/com/github/jsqlparser/jsqlparser/4.6/jsqlparser-4.6.jar:/home/notarget/.m2/repository/org/springframework/data/spring-data-commons/3.2.0/spring-data-commons-3.2.0.jar:/home/notarget/.m2/repository/org/springframework/spring-tx/6.1.1/spring-tx-6.1.1.jar:/home/notarget/.m2/repository/org/springframework/spring-context/6.1.1/spring-context-6.1.1.jar:/home/notarget/.m2/repository/org/springframework/spring-beans/6.1.1/spring-beans-6.1.1.jar:/home/notarget/.m2/repository/org/slf4j/slf4j-api/2.0.9/slf4j-api-2.0.9.jar:/home/notarget/.m2/repository/org/springframework/boot/spring-boot-starter-data-jpa/3.2.0/spring-boot-starter-data-jpa-3.2.0.jar:/home/notarget/.m2/repository/org/springframework/boot/spring-boot-starter-aop/3.2.0/spring-boot-starter-aop-3.2.0.jar:/home/notarget/.m2/repository/org/aspectj/aspectjweaver/1.9.20.1/aspectjweaver-1.9.20.1.jar:/home/notarget/.m2/repository/org/hibernate/orm/hibernate-core/6.3.1.Final/hibernate-core-6.3.1.Final.jar:/home/notarget/.m2/repository/jakarta/persistence/jakarta.persistence-api/3.1.0/jakarta.persistence-api-3.1.0.jar:/home/notarget/.m2/repository/jakarta/transaction/jakarta.transaction-api/2.0.1/jakarta.transaction-api-2.0.1.jar:/home/notarget/.m2/repository/org/jboss/logging/jboss-logging/3.5.3.Final/jboss-logging-3.5.3.Final.jar:/home/notarget/.m2/repository/org/hibernate/common/hibernate-commons-annotations/6.0.6.Final/hibernate-commons-annotations-6.0.6.Final.jar:/home/notarget/.m2/repository/io/smallrye/jandex/3.1.2/jandex-3.1.2.jar:/home/notarget/.m2/repository/com/fasterxml/classmate/1.6.0/classmate-1.6.0.jar:/home/notarget/.m2/repository/net/bytebuddy/byte-buddy/1.14.10/byte-buddy-1.14.10.jar:/home/notarget/.m2/repository/org/glassfish/jaxb/jaxb-runtime/4.0.4/jaxb-runtime-4.0.4.jar:/home/notarget/.m2/repository/org/glassfish/jaxb/jaxb-core/4.0.4/jaxb-core-4.0.4.jar:/home/notarget/.m2/repository/org/glassfish/jaxb/txw2/4.0.4/txw2-4.0.4.jar:/home/notarget/.m2/repository/com/sun/istack/istack-commons-runtime/4.1.2/istack-commons-runtime-4.1.2.jar:/home/notarget/.m2/repository/jakarta/inject/jakarta.inject-api/2.0.1/jakarta.inject-api-2.0.1.jar:/home/notarget/.m2/repository/org/antlr/antlr4-runtime/4.10.1/antlr4-runtime-4.10.1.jar:/home/notarget/.m2/repository/org/springframework/data/spring-data-jpa/3.2.0/spring-data-jpa-3.2.0.jar:/home/notarget/.m2/repository/org/springframework/spring-orm/6.1.1/spring-orm-6.1.1.jar:/home/notarget/.m2/repository/jakarta/annotation/jakarta.annotation-api/2.1.1/jakarta.annotation-api-2.1.1.jar:/home/notarget/.m2/repository/org/springframework/spring-aspects/6.1.1/spring-aspects-6.1.1.jar:/home/notarget/.m2/repository/org/springframework/boot/spring-boot-starter-data-rest/3.2.0/spring-boot-starter-data-rest-3.2.0.jar:/home/notarget/.m2/repository/org/springframework/data/spring-data-rest-webmvc/4.2.0/spring-data-rest-webmvc-4.2.0.jar:/home/notarget/.m2/repository/org/springframework/data/spring-data-rest-core/4.2.0/spring-data-rest-core-4.2.0.jar:/home/notarget/.m2/repository/org/springframework/hateoas/spring-hateoas/2.2.0/spring-hateoas-2.2.0.jar:/home/notarget/.m2/repository/org/springframework/plugin/spring-plugin-core/3.0.0/spring-plugin-core-3.0.0.jar:/home/notarget/.m2/repository/org/atteo/evo-inflector/1.3/evo-inflector-1.3.jar:/home/notarget/.m2/repository/com/fasterxml/jackson/core/jackson-annotations/2.15.3/jackson-annotations-2.15.3.jar:/home/notarget/.m2/repository/org/springframework/boot/spring-boot-starter-jdbc/3.2.0/spring-boot-starter-jdbc-3.2.0.jar:/home/notarget/.m2/repository/org/springframework/boot/spring-boot-starter/3.2.0/spring-boot-starter-3.2.0.jar:/home/notarget/.m2/repository/org/springframework/boot/spring-boot-starter-logging/3.2.0/spring-boot-starter-logging-3.2.0.jar:/home/notarget/.m2/repository/ch/qos/logback/logback-classic/1.4.11/logback-classic-1.4.11.jar:/home/notarget/.m2/repository/ch/qos/logback/logback-core/1.4.11/logback-core-1.4.11.jar:/home/notarget/.m2/repository/org/apache/logging/log4j/log4j-to-slf4j/2.21.1/log4j-to-slf4j-2.21.1.jar:/home/notarget/.m2/repository/org/apache/logging/log4j/log4j-api/2.21.1/log4j-api-2.21.1.jar:/home/notarget/.m2/repository/org/slf4j/jul-to-slf4j/2.0.9/jul-to-slf4j-2.0.9.jar:/home/notarget/.m2/repository/org/yaml/snakeyaml/2.2/snakeyaml-2.2.jar:/home/notarget/.m2/repository/com/zaxxer/HikariCP/5.0.1/HikariCP-5.0.1.jar:/home/notarget/.m2/repository/org/springframework/spring-jdbc/6.1.1/spring-jdbc-6.1.1.jar:/home/notarget/.m2/repository/org/springframework/boot/spring-boot-starter-security/3.2.0/spring-boot-starter-security-3.2.0.jar:/home/notarget/.m2/repository/org/springframework/spring-aop/6.1.1/spring-aop-6.1.1.jar:/home/notarget/.m2/repository/org/springframework/security/spring-security-config/6.2.0/spring-security-config-6.2.0.jar:/home/notarget/.m2/repository/org/springframework/security/spring-security-web/6.2.0/spring-security-web-6.2.0.jar:/home/notarget/.m2/repository/org/springframework/spring-expression/6.1.1/spring-expression-6.1.1.jar:/home/notarget/.m2/repository/org/springframework/boot/spring-boot-starter-web/3.2.0/spring-boot-starter-web-3.2.0.jar:/home/notarget/.m2/repository/org/springframework/boot/spring-boot-starter-json/3.2.0/spring-boot-starter-json-3.2.0.jar:/home/notarget/.m2/repository/com/fasterxml/jackson/datatype/jackson-datatype-jdk8/2.15.3/jackson-datatype-jdk8-2.15.3.jar:/home/notarget/.m2/repository/com/fasterxml/jackson/datatype/jackson-datatype-jsr310/2.15.3/jackson-datatype-jsr310-2.15.3.jar:/home/notarget/.m2/repository/com/fasterxml/jackson/module/jackson-module-parameter-names/2.15.3/jackson-module-parameter-names-2.15.3.jar:/home/notarget/.m2/repository/org/springframework/boot/spring-boot-starter-tomcat/3.2.0/spring-boot-starter-tomcat-3.2.0.jar:/home/notarget/.m2/repository/org/apache/tomcat/embed/tomcat-embed-core/10.1.16/tomcat-embed-core-10.1.16.jar:/home/notarget/.m2/repository/org/apache/tomcat/embed/tomcat-embed-el/10.1.16/tomcat-embed-el-10.1.16.jar:/home/notarget/.m2/repository/org/apache/tomcat/embed/tomcat-embed-websocket/10.1.16/tomcat-embed-websocket-10.1.16.jar:/home/notarget/.m2/repository/org/springframework/spring-web/6.1.1/spring-web-6.1.1.jar:/home/notarget/.m2/repository/io/micrometer/micrometer-observation/1.12.0/micrometer-observation-1.12.0.jar:/home/notarget/.m2/repository/io/micrometer/micrometer-commons/1.12.0/micrometer-commons-1.12.0.jar:/home/notarget/.m2/repository/org/springframework/spring-webmvc/6.1.1/spring-webmvc-6.1.1.jar:/home/notarget/.m2/repository/org/springframework/boot/spring-boot-starter-web-services/3.2.0/spring-boot-starter-web-services-3.2.0.jar:/home/notarget/.m2/repository/com/sun/xml/messaging/saaj/saaj-impl/3.0.3/saaj-impl-3.0.3.jar:/home/notarget/.m2/repository/jakarta/xml/soap/jakarta.xml.soap-api/3.0.1/jakarta.xml.soap-api-3.0.1.jar:/home/notarget/.m2/repository/org/jvnet/staxex/stax-ex/2.1.0/stax-ex-2.1.0.jar:/home/notarget/.m2/repository/jakarta/activation/jakarta.activation-api/2.1.2/jakarta.activation-api-2.1.2.jar:/home/notarget/.m2/repository/org/eclipse/angus/angus-activation/2.0.1/angus-activation-2.0.1.jar:/home/notarget/.m2/repository/jakarta/xml/ws/jakarta.xml.ws-api/4.0.1/jakarta.xml.ws-api-4.0.1.jar:/home/notarget/.m2/repository/org/springframework/spring-oxm/6.1.1/spring-oxm-6.1.1.jar:/home/notarget/.m2/repository/org/springframework/ws/spring-ws-core/4.0.8/spring-ws-core-4.0.8.jar:/home/notarget/.m2/repository/org/springframework/ws/spring-xml/4.0.8/spring-xml-4.0.8.jar:/home/notarget/.m2/repository/org/springframework/boot/spring-boot-starter-webflux/3.2.0/spring-boot-starter-webflux-3.2.0.jar:/home/notarget/.m2/repository/org/springframework/boot/spring-boot-starter-reactor-netty/3.2.0/spring-boot-starter-reactor-netty-3.2.0.jar:/home/notarget/.m2/repository/io/projectreactor/netty/reactor-netty-http/1.1.13/reactor-netty-http-1.1.13.jar:/home/notarget/.m2/repository/io/netty/netty-codec-http/4.1.101.Final/netty-codec-http-4.1.101.Final.jar:/home/notarget/.m2/repository/io/netty/netty-common/4.1.101.Final/netty-common-4.1.101.Final.jar:/home/notarget/.m2/repository/io/netty/netty-buffer/4.1.101.Final/netty-buffer-4.1.101.Final.jar:/home/notarget/.m2/repository/io/netty/netty-transport/4.1.101.Final/netty-transport-4.1.101.Final.jar:/home/notarget/.m2/repository/io/netty/netty-codec/4.1.101.Final/netty-codec-4.1.101.Final.jar:/home/notarget/.m2/repository/io/netty/netty-handler/4.1.101.Final/netty-handler-4.1.101.Final.jar:/home/notarget/.m2/repository/io/netty/netty-codec-http2/4.1.101.Final/netty-codec-http2-4.1.101.Final.jar:/home/notarget/.m2/repository/io/netty/netty-resolver-dns/4.1.101.Final/netty-resolver-dns-4.1.101.Final.jar:/home/notarget/.m2/repository/io/netty/netty-resolver/4.1.101.Final/netty-resolver-4.1.101.Final.jar:/home/notarget/.m2/repository/io/netty/netty-codec-dns/4.1.101.Final/netty-codec-dns-4.1.101.Final.jar:/home/notarget/.m2/repository/io/netty/netty-resolver-dns-native-macos/4.1.101.Final/netty-resolver-dns-native-macos-4.1.101.Final-osx-x86_64.jar:/home/notarget/.m2/repository/io/netty/netty-resolver-dns-classes-macos/4.1.101.Final/netty-resolver-dns-classes-macos-4.1.101.Final.jar:/home/notarget/.m2/repository/io/netty/netty-transport-native-epoll/4.1.101.Final/netty-transport-native-epoll-4.1.101.Final-linux-x86_64.jar:/home/notarget/.m2/repository/io/netty/netty-transport-native-unix-common/4.1.101.Final/netty-transport-native-unix-common-4.1.101.Final.jar:/home/notarget/.m2/repository/io/netty/netty-transport-classes-epoll/4.1.101.Final/netty-transport-classes-epoll-4.1.101.Final.jar:/home/notarget/.m2/repository/io/projectreactor/netty/reactor-netty-core/1.1.13/reactor-netty-core-1.1.13.jar:/home/notarget/.m2/repository/io/netty/netty-handler-proxy/4.1.101.Final/netty-handler-proxy-4.1.101.Final.jar:/home/notarget/.m2/repository/io/netty/netty-codec-socks/4.1.101.Final/netty-codec-socks-4.1.101.Final.jar:/home/notarget/.m2/repository/org/springframework/spring-webflux/6.1.1/spring-webflux-6.1.1.jar:/home/notarget/.m2/repository/org/springframework/boot/spring-boot-devtools/3.2.0/spring-boot-devtools-3.2.0.jar:/home/notarget/.m2/repository/org/springframework/boot/spring-boot/3.2.0/spring-boot-3.2.0.jar:/home/notarget/.m2/repository/org/springframework/boot/spring-boot-autoconfigure/3.2.0/spring-boot-autoconfigure-3.2.0.jar:/home/notarget/.m2/repository/com/microsoft/sqlserver/mssql-jdbc/12.4.2.jre11/mssql-jdbc-12.4.2.jre11.jar:/home/notarget/.m2/repository/org/postgresql/postgresql/42.6.0/postgresql-42.6.0.jar:/home/notarget/.m2/repository/org/checkerframework/checker-qual/3.31.0/checker-qual-3.31.0.jar:/home/notarget/.m2/repository/org/projectlombok/lombok/1.18.30/lombok-1.18.30.jar:/home/notarget/.m2/repository/org/springframework/boot/spring-boot-starter-test/3.2.0/spring-boot-starter-test-3.2.0.jar:/home/notarget/.m2/repository/org/springframework/boot/spring-boot-test/3.2.0/spring-boot-test-3.2.0.jar:/home/notarget/.m2/repository/org/springframework/boot/spring-boot-test-autoconfigure/3.2.0/spring-boot-test-autoconfigure-3.2.0.jar:/home/notarget/.m2/repository/com/jayway/jsonpath/json-path/2.8.0/json-path-2.8.0.jar:/home/notarget/.m2/repository/jakarta/xml/bind/jakarta.xml.bind-api/4.0.1/jakarta.xml.bind-api-4.0.1.jar:/home/notarget/.m2/repository/net/minidev/json-smart/2.5.0/json-smart-2.5.0.jar:/home/notarget/.m2/repository/net/minidev/accessors-smart/2.5.0/accessors-smart-2.5.0.jar:/home/notarget/.m2/repository/org/ow2/asm/asm/9.3/asm-9.3.jar:/home/notarget/.m2/repository/org/assertj/assertj-core/3.24.2/assertj-core-3.24.2.jar:/home/notarget/.m2/repository/org/awaitility/awaitility/4.2.0/awaitility-4.2.0.jar:/home/notarget/.m2/repository/org/hamcrest/hamcrest/2.2/hamcrest-2.2.jar:/home/notarget/.m2/repository/org/junit/jupiter/junit-jupiter/5.10.1/junit-jupiter-5.10.1.jar:/home/notarget/.m2/repository/org/junit/jupiter/junit-jupiter-api/5.10.1/junit-jupiter-api-5.10.1.jar:/home/notarget/.m2/repository/org/opentest4j/opentest4j/1.3.0/opentest4j-1.3.0.jar:/home/notarget/.m2/repository/org/junit/platform/junit-platform-commons/1.10.1/junit-platform-commons-1.10.1.jar:/home/notarget/.m2/repository/org/apiguardian/apiguardian-api/1.1.2/apiguardian-api-1.1.2.jar:/home/notarget/.m2/repository/org/junit/jupiter/junit-jupiter-params/5.10.1/junit-jupiter-params-5.10.1.jar:/home/notarget/.m2/repository/org/junit/jupiter/junit-jupiter-engine/5.10.1/junit-jupiter-engine-5.10.1.jar:/home/notarget/.m2/repository/org/junit/platform/junit-platform-engine/1.10.1/junit-platform-engine-1.10.1.jar:/home/notarget/.m2/repository/org/mockito/mockito-core/5.7.0/mockito-core-5.7.0.jar:/home/notarget/.m2/repository/net/bytebuddy/byte-buddy-agent/1.14.10/byte-buddy-agent-1.14.10.jar:/home/notarget/.m2/repository/org/objenesis/objenesis/3.3/objenesis-3.3.jar:/home/notarget/.m2/repository/org/mockito/mockito-junit-jupiter/5.7.0/mockito-junit-jupiter-5.7.0.jar:/home/notarget/.m2/repository/org/skyscreamer/jsonassert/1.5.1/jsonassert-1.5.1.jar:/home/notarget/.m2/repository/com/vaadin/external/google/android-json/0.0.20131108.vaadin1/android-json-0.0.20131108.vaadin1.jar:/home/notarget/.m2/repository/org/springframework/spring-core/6.1.1/spring-core-6.1.1.jar:/home/notarget/.m2/repository/org/springframework/spring-jcl/6.1.1/spring-jcl-6.1.1.jar:/home/notarget/.m2/repository/org/springframework/spring-test/6.1.1/spring-test-6.1.1.jar:/home/notarget/.m2/repository/org/xmlunit/xmlunit-core/2.9.1/xmlunit-core-2.9.1.jar:/home/notarget/.m2/repository/io/projectreactor/reactor-test/3.6.0/reactor-test-3.6.0.jar:/home/notarget/.m2/repository/io/projectreactor/reactor-core/3.6.0/reactor-core-3.6.0.jar:/home/notarget/.m2/repository/org/reactivestreams/reactive-streams/1.0.4/reactive-streams-1.0.4.jar:/home/notarget/.m2/repository/org/springframework/security/spring-security-test/6.2.0/spring-security-test-6.2.0.jar:/home/notarget/.m2/repository/org/springframework/security/spring-security-core/6.2.0/spring-security-core-6.2.0.jar:/home/notarget/.m2/repository/org/springframework/security/spring-security-crypto/6.2.0/spring-security-crypto-6.2.0.jar:/home/notarget/.m2/repository/io/jsonwebtoken/jjwt-api/0.11.5/jjwt-api-0.11.5.jar:/home/notarget/.m2/repository/io/jsonwebtoken/jjwt-impl/0.11.5/jjwt-impl-0.11.5.jar:/home/notarget/.m2/repository/io/jsonwebtoken/jjwt-jackson/0.11.5/jjwt-jackson-0.11.5.jar:/home/notarget/.m2/repository/com/fasterxml/jackson/core/jackson-databind/2.15.3/jackson-databind-2.15.3.jar:/home/notarget/.m2/repository/com/fasterxml/jackson/core/jackson-core/2.15.3/jackson-core-2.15.3.jar:/home/notarget/.m2/repository/org/apache/commons/commons-lang3/3.12.0/commons-lang3-3.12.0.jar:/home/notarget/.m2/repository/com/cloudinary/cloudinary-http44/1.33.0/cloudinary-http44-1.33.0.jar:/home/notarget/.m2/repository/com/cloudinary/cloudinary-core/1.33.0/cloudinary-core-1.33.0.jar:/home/notarget/.m2/repository/org/apache/httpcomponents/httpclient/4.4/httpclient-4.4.jar:/home/notarget/.m2/repository/org/apache/httpcomponents/httpmime/4.4/httpmime-4.4.jar:/home/notarget/.m2/repository/com/cloudinary/cloudinary/1.0.14/cloudinary-1.0.14.jar:/home/notarget/.m2/repository/commons-lang/commons-lang/2.6/commons-lang-2.6.jar:/home/notarget/.m2/repository/commons-codec/commons-codec/1.16.0/commons-codec-1.16.0.jar:/home/notarget/.m2/repository/commons-collections/commons-collections/3.2.1/commons-collections-3.2.1.jar:/home/notarget/.m2/repository/commons-logging/commons-logging/1.1.1/commons-logging-1.1.1.jar:/home/notarget/.m2/repository/org/apache/httpcomponents/httpcore/4.4.16/httpcore-4.4.16.jar:/home/notarget/.m2/repository/com/googlecode/json-simple/json-simple/1.1.1/json-simple-1.1.1.jar:/home/notarget/.m2/repository/junit/junit/4.13.2/junit-4.13.2.jar:/home/notarget/.m2/repository/org/hamcrest/hamcrest-core/2.2/hamcrest-core-2.2.jar:/home/notarget/.m2/repository/org/modelmapper/modelmapper/3.1.1/modelmapper-3.1.1.jar:/home/notarget/.m2/repository/org/springdoc/springdoc-openapi-starter-webmvc-ui/2.2.0/springdoc-openapi-starter-webmvc-ui-2.2.0.jar:/home/notarget/.m2/repository/org/springdoc/springdoc-openapi-starter-webmvc-api/2.2.0/springdoc-openapi-starter-webmvc-api-2.2.0.jar:/home/notarget/.m2/repository/org/springdoc/springdoc-openapi-starter-common/2.2.0/springdoc-openapi-starter-common-2.2.0.jar:/home/notarget/.m2/repository/io/swagger/core/v3/swagger-core-jakarta/2.2.15/swagger-core-jakarta-2.2.15.jar:/home/notarget/.m2/repository/io/swagger/core/v3/swagger-annotations-jakarta/2.2.15/swagger-annotations-jakarta-2.2.15.jar:/home/notarget/.m2/repository/io/swagger/core/v3/swagger-models-jakarta/2.2.15/swagger-models-jakarta-2.2.15.jar:/home/notarget/.m2/repository/jakarta/validation/jakarta.validation-api/3.0.2/jakarta.validation-api-3.0.2.jar:/home/notarget/.m2/repository/com/fasterxml/jackson/dataformat/jackson-dataformat-yaml/2.15.3/jackson-dataformat-yaml-2.15.3.jar:/home/notarget/.m2/repository/org/webjars/swagger-ui/5.2.0/swagger-ui-5.2.0.jar:/home/notarget/.m2/repository/org/springframework/boot/spring-boot-starter-websocket/3.2.0/spring-boot-starter-websocket-3.2.0.jar:/home/notarget/.m2/repository/org/springframework/spring-messaging/6.1.1/spring-messaging-6.1.1.jar:/home/notarget/.m2/repository/org/springframework/spring-websocket/6.1.1/spring-websocket-6.1.1.jar:"/>
    <property name="sun.cpu.endian" value="little"/>
    <property name="user.home" value="/home/notarget"/>
    <property name="user.language" value="en"/>
    <property name="java.specification.vendor" value="Oracle Corporation"/>
    <property name="java.version.date" value="2023-01-17"/>
    <property name="java.home" value="/usr/lib/jvm/java-19-openjdk-amd64"/>
    <property name="file.separator" value="/"/>
    <property name="basedir" value="/home/notarget/DATA/Team_Web/BlogWebApi"/>
    <property name="java.vm.compressedOopsMode" value="Zero based"/>
    <property name="line.separator" value="&#10;"/>
    <property name="java.vm.specification.vendor" value="Oracle Corporation"/>
    <property name="java.specification.name" value="Java Platform API Specification"/>
    <property name="FILE_LOG_CHARSET" value="UTF-8"/>
    <property name="java.awt.headless" value="true"/>
    <property name="surefire.real.class.path" value="/home/notarget/DATA/Team_Web/BlogWebApi/target/surefire/surefirebooter-20240229204321081_3.jar"/>
    <property name="sun.management.compiler" value="HotSpot 64-Bit Tiered Compilers"/>
    <property name="java.runtime.version" value="19.0.2+7-Ubuntu-0ubuntu322.04"/>
    <property name="user.name" value="notarget"/>
    <property name="stdout.encoding" value="UTF-8"/>
    <property name="path.separator" value=":"/>
    <property name="os.version" value="6.5.0-21-generic"/>
    <property name="java.runtime.name" value="OpenJDK Runtime Environment"/>
    <property name="file.encoding" value="UTF-8"/>
    <property name="java.vm.name" value="OpenJDK 64-Bit Server VM"/>
    <property name="localRepository" value="/home/notarget/.m2/repository"/>
    <property name="java.vendor.url.bug" value="Unknown"/>
    <property name="java.io.tmpdir" value="/tmp"/>
    <property name="idea.version" value="2023.3.4"/>
    <property name="com.zaxxer.hikari.pool_number" value="1"/>
    <property name="java.version" value="19.0.2"/>
    <property name="user.dir" value="/home/notarget/DATA/Team_Web/BlogWebApi"/>
    <property name="os.arch" value="amd64"/>
    <property name="java.vm.specification.name" value="Java Virtual Machine Specification"/>
    <property name="PID" value="26114"/>
    <property name="CONSOLE_LOG_CHARSET" value="UTF-8"/>
    <property name="native.encoding" value="UTF-8"/>
    <property name="java.library.path" value="/usr/java/packages/lib:/usr/lib/x86_64-linux-gnu/jni:/lib/x86_64-linux-gnu:/usr/lib/x86_64-linux-gnu:/usr/lib/jni:/lib:/usr/lib"/>
    <property name="java.vm.info" value="mixed mode, sharing"/>
    <property name="stderr.encoding" value="UTF-8"/>
    <property name="java.vendor" value="Private Build"/>
    <property name="java.vm.version" value="19.0.2+7-Ubuntu-0ubuntu322.04"/>
    <property name="sun.io.unicode.encoding" value="UnicodeLittle"/>
    <property name="java.class.version" value="63.0"/>
    <property name="LOGGED_APPLICATION_NAME" value="[BlogWebApi] "/>
  </properties>
  <testcase name="contextLoads" classname="com.blogwebapi.BlogWebApiApplicationTests" time="0.378">
    <system-out><![CDATA[20:43:21.706 [main] INFO org.springframework.test.context.support.AnnotationConfigContextLoaderUtils -- Could not detect default configuration classes for test class [com.blogwebapi.BlogWebApiApplicationTests]: BlogWebApiApplicationTests does not declare any static, non-private, non-final, nested classes annotated with @Configuration.
20:43:21.783 [main] INFO org.springframework.boot.test.context.SpringBootTestContextBootstrapper -- Found @SpringBootConfiguration com.blogwebapi.BlogWebApiApplication for test class com.blogwebapi.BlogWebApiApplicationTests
20:43:21.907 [main] INFO org.springframework.boot.devtools.restart.RestartApplicationListener -- Restart disabled due to context in which it is running

  _   _    _______                   _
 | \ | |  |__   __|                 | |
 |  \| | ___ | | __ _ _ __ __ _  ___| |_
 | . ` |/ _ \| |/ _` | '__/ _` |/ _ \ __|
 | |\  | (_) | | (_| | | | (_| |  __/ |_
 |_| \_|\___/|_|\__,_|_|  \__, |\___|\__|
                           __/ |
                          |___/

2024-02-29T20:43:22.109+07:00  INFO 26114 --- [BlogWebApi] [           main] c.blogwebapi.BlogWebApiApplicationTests  : Starting BlogWebApiApplicationTests using Java 19.0.2 with PID 26114 (started by notarget in /home/notarget/DATA/Team_Web/BlogWebApi)
2024-02-29T20:43:22.111+07:00  INFO 26114 --- [BlogWebApi] [           main] c.blogwebapi.BlogWebApiApplicationTests  : No active profile set, falling back to 1 default profile: "default"
2024-02-29T20:43:22.829+07:00  INFO 26114 --- [BlogWebApi] [           main] .s.d.r.c.RepositoryConfigurationDelegate : Multiple Spring Data modules found, entering strict repository configuration mode
2024-02-29T20:43:22.830+07:00  INFO 26114 --- [BlogWebApi] [           main] .s.d.r.c.RepositoryConfigurationDelegate : Bootstrapping Spring Data JDBC repositories in DEFAULT mode.
2024-02-29T20:43:22.855+07:00  INFO 26114 --- [BlogWebApi] [           main] .RepositoryConfigurationExtensionSupport : Spring Data JDBC - Could not safely identify store assignment for repository candidate interface com.blogwebapi.repository.IChatBoxRepository; If you want this repository to be a JDBC repository, consider annotating your entities with one of these annotations: org.springframework.data.relational.core.mapping.Table.
2024-02-29T20:43:22.856+07:00  INFO 26114 --- [BlogWebApi] [           main] .RepositoryConfigurationExtensionSupport : Spring Data JDBC - Could not safely identify store assignment for repository candidate interface com.blogwebapi.repository.IChatMessageRepository; If you want this repository to be a JDBC repository, consider annotating your entities with one of these annotations: org.springframework.data.relational.core.mapping.Table.
2024-02-29T20:43:22.857+07:00  INFO 26114 --- [BlogWebApi] [           main] .RepositoryConfigurationExtensionSupport : Spring Data JDBC - Could not safely identify store assignment for repository candidate interface com.blogwebapi.repository.ICommentRepository; If you want this repository to be a JDBC repository, consider annotating your entities with one of these annotations: org.springframework.data.relational.core.mapping.Table.
2024-02-29T20:43:22.859+07:00  INFO 26114 --- [BlogWebApi] [           main] .RepositoryConfigurationExtensionSupport : Spring Data JDBC - Could not safely identify store assignment for repository candidate interface com.blogwebapi.repository.INotificationRepository; If you want this repository to be a JDBC repository, consider annotating your entities with one of these annotations: org.springframework.data.relational.core.mapping.Table.
2024-02-29T20:43:22.860+07:00  INFO 26114 --- [BlogWebApi] [           main] .RepositoryConfigurationExtensionSupport : Spring Data JDBC - Could not safely identify store assignment for repository candidate interface com.blogwebapi.repository.IPostRepository; If you want this repository to be a JDBC repository, consider annotating your entities with one of these annotations: org.springframework.data.relational.core.mapping.Table.
2024-02-29T20:43:22.861+07:00  INFO 26114 --- [BlogWebApi] [           main] .RepositoryConfigurationExtensionSupport : Spring Data JDBC - Could not safely identify store assignment for repository candidate interface com.blogwebapi.repository.IReactionRepository; If you want this repository to be a JDBC repository, consider annotating your entities with one of these annotations: org.springframework.data.relational.core.mapping.Table.
2024-02-29T20:43:22.862+07:00  INFO 26114 --- [BlogWebApi] [           main] .RepositoryConfigurationExtensionSupport : Spring Data JDBC - Could not safely identify store assignment for repository candidate interface com.blogwebapi.repository.IResourcesRepository; If you want this repository to be a JDBC repository, consider annotating your entities with one of these annotations: org.springframework.data.relational.core.mapping.Table.
2024-02-29T20:43:22.863+07:00  INFO 26114 --- [BlogWebApi] [           main] .RepositoryConfigurationExtensionSupport : Spring Data JDBC - Could not safely identify store assignment for repository candidate interface com.blogwebapi.repository.ITagRepository; If you want this repository to be a JDBC repository, consider annotating your entities with one of these annotations: org.springframework.data.relational.core.mapping.Table.
2024-02-29T20:43:22.864+07:00  INFO 26114 --- [BlogWebApi] [           main] .RepositoryConfigurationExtensionSupport : Spring Data JDBC - Could not safely identify store assignment for repository candidate interface com.blogwebapi.repository.IUserRepository; If you want this repository to be a JDBC repository, consider annotating your entities with one of these annotations: org.springframework.data.relational.core.mapping.Table.
2024-02-29T20:43:22.864+07:00  INFO 26114 --- [BlogWebApi] [           main] .s.d.r.c.RepositoryConfigurationDelegate : Finished Spring Data repository scanning in 31 ms. Found 0 JDBC repository interfaces.
2024-02-29T20:43:22.876+07:00  INFO 26114 --- [BlogWebApi] [           main] .s.d.r.c.RepositoryConfigurationDelegate : Multiple Spring Data modules found, entering strict repository configuration mode
2024-02-29T20:43:22.876+07:00  INFO 26114 --- [BlogWebApi] [           main] .s.d.r.c.RepositoryConfigurationDelegate : Bootstrapping Spring Data JPA repositories in DEFAULT mode.
2024-02-29T20:43:22.968+07:00  INFO 26114 --- [BlogWebApi] [           main] .s.d.r.c.RepositoryConfigurationDelegate : Finished Spring Data repository scanning in 89 ms. Found 9 JPA repository interfaces.
2024-02-29T20:43:23.318+07:00  WARN 26114 --- [BlogWebApi] [           main] trationDelegate$BeanPostProcessorChecker : Bean 'org.springframework.ws.config.annotation.DelegatingWsConfiguration' of type [org.springframework.ws.config.annotation.DelegatingWsConfiguration$$SpringCGLIB$$0] is not eligible for getting processed by all BeanPostProcessors (for example: not eligible for auto-proxying). The currently created BeanPostProcessor [annotationActionEndpointMapping] is declared through a non-static factory method on that class; consider declaring it as static instead.
2024-02-29T20:43:23.355+07:00  INFO 26114 --- [BlogWebApi] [           main] .w.s.a.s.AnnotationActionEndpointMapping : Supporting [WS-Addressing August 2004, WS-Addressing 1.0]
2024-02-29T20:43:23.493+07:00  INFO 26114 --- [BlogWebApi] [           main] o.hibernate.jpa.internal.util.LogHelper  : HHH000204: Processing PersistenceUnitInfo [name: default]
2024-02-29T20:43:23.550+07:00  INFO 26114 --- [BlogWebApi] [           main] org.hibernate.Version                    : HHH000412: Hibernate ORM core version 6.3.1.Final
2024-02-29T20:43:23.578+07:00  INFO 26114 --- [BlogWebApi] [           main] o.h.c.internal.RegionFactoryInitiator    : HHH000026: Second-level cache disabled
2024-02-29T20:43:23.741+07:00  INFO 26114 --- [BlogWebApi] [           main] o.s.o.j.p.SpringPersistenceUnitInfo      : No LoadTimeWeaver setup: ignoring JPA class transformer
2024-02-29T20:43:23.764+07:00  INFO 26114 --- [BlogWebApi] [           main] com.zaxxer.hikari.HikariDataSource       : HikariPool-1 - Starting...
2024-02-29T20:43:36.394+07:00  INFO 26114 --- [BlogWebApi] [           main] com.zaxxer.hikari.pool.HikariPool        : HikariPool-1 - Added connection org.postgresql.jdbc.PgConnection@3dad535f
2024-02-29T20:43:36.396+07:00  INFO 26114 --- [BlogWebApi] [           main] com.zaxxer.hikari.HikariDataSource       : HikariPool-1 - Start completed.
2024-02-29T20:43:36.529+07:00  WARN 26114 --- [BlogWebApi] [           main] org.hibernate.orm.deprecation            : HHH90000025: PostgreSQLDialect does not need to be specified explicitly using 'hibernate.dialect' (remove the property setting and it will be selected by default)
2024-02-29T20:43:37.606+07:00  INFO 26114 --- [BlogWebApi] [           main] o.h.e.t.j.p.i.JtaPlatformInitiator       : HHH000489: No JTA platform available (set 'hibernate.transaction.jta.platform' to enable JTA platform integration)
2024-02-29T20:43:42.429+07:00  INFO 26114 --- [BlogWebApi] [           main] j.LocalContainerEntityManagerFactoryBean : Initialized JPA EntityManagerFactory for persistence unit 'default'
2024-02-29T20:43:42.780+07:00  INFO 26114 --- [BlogWebApi] [           main] o.s.d.j.r.query.QueryEnhancerFactory     : JSqlParser is in classpath; If applicable, JSqlParser will be used
2024-02-29T20:43:42.780+07:00  INFO 26114 --- [BlogWebApi] [           main] o.s.d.j.r.query.QueryEnhancerFactory     : Hibernate is in classpath; If applicable, HQL parser will be used.
2024-02-29T20:43:43.502+07:00  WARN 26114 --- [BlogWebApi] [           main] JpaBaseConfiguration$JpaWebConfiguration : spring.jpa.open-in-view is enabled by default. Therefore, database queries may be performed during view rendering. Explicitly configure spring.jpa.open-in-view to disable this warning
2024-02-29T20:43:43.999+07:00  INFO 26114 --- [BlogWebApi] [           main] o.s.s.web.DefaultSecurityFilterChain     : Will secure any request with [org.springframework.security.web.session.DisableEncodeUrlFilter@c1aa8f9, org.springframework.security.web.context.request.async.WebAsyncManagerIntegrationFilter@bbccb5f, org.springframework.security.web.context.SecurityContextHolderFilter@63f38fb1, org.springframework.security.web.header.HeaderWriterFilter@54ad5fce, org.springframework.web.filter.CorsFilter@498e9130, org.springframework.security.web.authentication.logout.LogoutFilter@4acbe932, com.blogwebapi.config.JWTAuthenticationFilter@1f799f4c, org.springframework.security.web.savedrequest.RequestCacheAwareFilter@3412a1dd, org.springframework.security.web.servletapi.SecurityContextHolderAwareRequestFilter@762f0a8b, org.springframework.security.web.authentication.AnonymousAuthenticationFilter@22f3a5bc, org.springframework.security.web.session.SessionManagementFilter@56ff0feb, org.springframework.security.web.access.ExceptionTranslationFilter@2a4a3668, org.springframework.security.web.access.intercept.AuthorizationFilter@54ba7366]
2024-02-29T20:43:44.460+07:00  INFO 26114 --- [BlogWebApi] [           main] o.s.m.s.b.SimpleBrokerMessageHandler     : Starting...
2024-02-29T20:43:44.461+07:00  INFO 26114 --- [BlogWebApi] [           main] o.s.m.s.b.SimpleBrokerMessageHandler     : BrokerAvailabilityEvent[available=true, SimpleBrokerMessageHandler [org.springframework.messaging.simp.broker.DefaultSubscriptionRegistry@2fc6e673]]
2024-02-29T20:43:44.461+07:00  INFO 26114 --- [BlogWebApi] [           main] o.s.m.s.b.SimpleBrokerMessageHandler     : Started.
2024-02-29T20:43:44.469+07:00  INFO 26114 --- [BlogWebApi] [           main] c.blogwebapi.BlogWebApiApplicationTests  : Started BlogWebApiApplicationTests in 22.571 seconds (process running for 23.344)
]]></system-out>
  </testcase>
</testsuite>